NPM Update OK.NPM Update OK.NPM Update OK.
NPM Update OK.
NPM Update OK.
express@3.2.4 node_modules/express
├── methods@0.0.1
├── fresh@0.1.0
├── range-parser@0.0.4
├── cookie-signature@1.0.1
├── buffer-crc32@0.2.1
├── cookie@0.0.5
├── debug@0.7.2
├── commander@0.6.1
├── mkdirp@0.3.4
├── send@0.1.0 (mime@1.2.6)
└── connect@2.7.9 (pause@0.0.1, bytes@0.2.0, qs@0.6.4, formidable@1.0.13)

NPM Update OK.
NPM Update OK.
NPM Install OK.
NPM Update OK.
NPM Update OK.
express@3.2.4 node_modules/express
├── methods@0.0.1
├── fresh@0.1.0
├── range-parser@0.0.4
├── cookie-signature@1.0.1
├── buffer-crc32@0.2.1
├── cookie@0.0.5
├── debug@0.7.2
├── commander@0.6.1
├── mkdirp@0.3.4
├── send@0.1.0 (mime@1.2.6)
└── connect@2.7.9 (pause@0.0.1, qs@0.6.4, bytes@0.2.0, formidable@1.0.13)

NPM Install OK.
NPM Update OK.
NPM Install OK.
NPM Install/Prune OK.
NPM Install/Install OK.
NPM Install/Prune OK.
NPM Install/Install OK.
Prunning...
NPM Install/Prune OK.
Installing...
NPM Install/Install OK.
NPM Update OK.
